[15:32:01] [main/INFO] (Launcher) ModLauncher running: args [--launchTarget, forgeclientdev, --version, 21.1.215, --assetIndex, 1.21.1-17, --assetsDir, /Users/eetgeenappels/.gradle/caches/fabric-loom/assets, --gameDir, ., --fml.fmlVersion, 4.0.42, --fml.mcVersion, 1.21.1, --fml.neoForgeVersion, 21.1.215, --fml.neoFormVersion, 20240808.144430]
[15:32:01] [main/INFO] (Launcher) JVM identified as Oracle Corporation OpenJDK 64-Bit Server VM 23.0.2+7-58
[15:32:01] [main/INFO] (Launcher) ModLauncher 11.0.5+main.901c6ea8 starting: java version 23.0.2 by Oracle Corporation; OS Mac OS X arch aarch64 version 15.5
[15:32:01] [main/INFO] (unprotect) Initializing Unprotect using ModLauncher backend, target: Minecraft and loader classes (minecraft+forge)
[15:32:01] [main/INFO] (ImmediateWindowHandler) Loading ImmediateWindowProvider fmlearlywindow
[15:32:02] [main/INFO] (EARLYDISPLAY) Trying GL version 4.6
[15:32:02] [main/INFO] (EARLYDISPLAY) Trying GL version 4.5
[15:32:02] [main/INFO] (EARLYDISPLAY) Trying GL version 4.4
[15:32:02] [main/INFO] (EARLYDISPLAY) Trying GL version 4.3
[15:32:02] [main/INFO] (EARLYDISPLAY) Trying GL version 4.2
[15:32:02] [main/INFO] (EARLYDISPLAY) Trying GL version 4.1
[15:32:02] [main/INFO] (EARLYDISPLAY) Requested GL version 4.1 got version 4.1
[15:32:03] [main/INFO] (mixin) SpongePowered MIXIN Subsystem Version=0.8.7 Source=union:/Users/eetgeenappels/.gradle/caches/modules-2/files-2.1/net.fabricmc/sponge-mixin/0.15.2+mixin.0.8.7/2af2f021d8e02a0220dc27a7a72b4666d66d44ca/sponge-mixin-0.15.2+mixin.0.8.7.jar%23119!/ Service=ModLauncher Env=CLIENT
[15:32:03] [main/INFO] (ModDiscoverer) Found mod file "neoforge-21.1.215-minecraft-merged-1.21.1-loom.mappings.1_21_1.layered+hash.40359-v2-neoforge-21.1.215.jar" [locator: neoforge devenv provider ([/Users/eetgeenappels/.gradle/caches/fabric-loom/minecraftMaven/net/minecraft/neoforge-21.1.215-minecraft-merged/1.21.1-loom.mappings.1_21_1.layered+hash.40359-v2-neoforge-21.1.215/neoforge-21.1.215-minecraft-merged-1.21.1-loom.mappings.1_21_1.layered+hash.40359-v2-neoforge-21.1.215.jar])]
[15:32:03] [pool-5-thread-1/INFO] (EARLYDISPLAY) GL info: Apple M1 GL version 4.1 Metal - 89.4, Apple
[15:32:03] [main/INFO] (ModDiscoverer) Found mod file "neoforge-21.1.215-minecraft-merged-1.21.1-loom.mappings.1_21_1.layered+hash.40359-v2-neoforge-21.1.215.jar" [locator: neoforge devenv provider ([/Users/eetgeenappels/.gradle/caches/fabric-loom/minecraftMaven/net/minecraft/neoforge-21.1.215-minecraft-merged/1.21.1-loom.mappings.1_21_1.layered+hash.40359-v2-neoforge-21.1.215/neoforge-21.1.215-minecraft-merged-1.21.1-loom.mappings.1_21_1.layered+hash.40359-v2-neoforge-21.1.215.jar])]
[15:32:03] [main/INFO] (ModDiscoverer) Found mod file "main" [locator: userdev mods and services, reader: mod manifest]
[15:32:03] [main/INFO] (ModDiscoverer) Found mod file "neoforge-21.1.215-minecraft-merged-1.21.1-loom.mappings.1_21_1.layered+hash.40359-v2-neoforge-21.1.215.jar" [locator: userdev mods and services, reader: mod manifest]
[15:32:03] [main/INFO] (ModDiscoverer) Found mod file "architectury-neoforge-0311eecf-13.0.8.jar" [locator: userdev mods and services, reader: mod manifest]
[15:32:03] [main/INFO] (ModDiscoverer) Found mod file "fzzy_config-0311eecf-0.7.3+1.21+neoforge.jar" [locator: userdev mods and services, reader: mod manifest]
[15:32:03] [main/INFO] (ModDiscoverer) Found mod file "kffmod-neoforge-0311eecf-5.4.0.jar" [locator: userdev mods and services, reader: mod manifest]
[15:32:03] [main/INFO] (ModDiscoverer) Found mod file "kffmod-neoforge-6.0.0.jar" [locator: userdev mods and services, reader: mod manifest]
[15:32:03] [main/INFO] (ModDiscoverer) Found mod file "18154431466578666184.jar" [locator: userdev mods and services, reader: mod manifest]
[15:32:03] [main/INFO] (ModDiscoverer) Found library file "kotlinforforge-neoforge-6.0.0.jar" [locator: userdev mods and services, reader: mod manifest]
[15:32:03] [main/INFO] (ModDiscoverer) Found gamelibrary file "mixinextras-neoforge-0.5.0.jar" [locator: userdev mods and services, reader: mod manifest]
[15:32:03] [main/INFO] (ModDiscoverer) Found library file "kotlinforforge-neoforge-0311eecf-5.4.0-all.jar" [locator: userdev mods and services, reader: mod manifest]
[15:32:03] [main/INFO] (ModDiscoverer) Found library file "kfflang-neoforge-0311eecf-5.4.0.jar" [locator: userdev mods and services, reader: mod manifest]
[15:32:03] [main/INFO] (ModDiscoverer) Found library file "loader-0311eecf-4.0.42.jar" [locator: userdev mods and services, reader: mod manifest]
[15:32:03] [main/INFO] (ModDiscoverer) Found gamelibrary file "kfflib-neoforge-0311eecf-5.4.0.jar" [locator: userdev mods and services, reader: mod manifest]
[15:32:03] [main/INFO] (ModDiscoverer) Found library file "kfflang-neoforge-6.0.0.jar" [locator: userdev mods and services, reader: mod manifest]
[15:32:03] [main/INFO] (ModDiscoverer) Found gamelibrary file "kfflib-neoforge-6.0.0.jar" [locator: userdev mods and services, reader: mod manifest]
[15:32:03] [main/WARN] (JarSelector) Attempted to select a dependency jar for JarJar which was passed in as source: library:mixinextras.neoforge. Using Mod File: /Users/eetgeenappels/.gradle/caches/modules-2/files-2.1/io.github.llamalad7/mixinextras-neoforge/0.5.0/d734b83ce6542bb70ea31755c1595b88992dbe65/mixinextras-neoforge-0.5.0.jar
[15:32:03] [main/INFO] (JarInJarDependencyLocator) Found 9 dependencies adding them to mods collection
[15:32:03] [main/INFO] (ModDiscoverer) Found library file "kotlinx-serialization-core-jvm-1.9.0.jar" [parent: kotlinforforge-neoforge-6.0.0.jar, locator: jarinjar]
[15:32:03] [main/INFO] (ModDiscoverer) Found library file "kotlin-stdlib-2.2.20.jar" [parent: kotlinforforge-neoforge-6.0.0.jar, locator: jarinjar]
[15:32:03] [main/INFO] (ModDiscoverer) Found library file "kotlinx-coroutines-jdk8-1.10.2.jar" [parent: kotlinforforge-neoforge-6.0.0.jar, locator: jarinjar]
[15:32:03] [main/INFO] (ModDiscoverer) Found library file "kotlin-reflect-2.2.20.jar" [parent: kotlinforforge-neoforge-6.0.0.jar, locator: jarinjar]
[15:32:03] [main/INFO] (ModDiscoverer) Found library file "kotlinx-serialization-json-jvm-1.9.0.jar" [parent: kotlinforforge-neoforge-6.0.0.jar, locator: jarinjar]
[15:32:03] [main/INFO] (ModDiscoverer) Found library file "kotlinx-coroutines-core-jvm-1.10.2.jar" [parent: kotlinforforge-neoforge-6.0.0.jar, locator: jarinjar]
[15:32:03] [main/INFO] (ModDiscoverer) Found library file "net.neoforged.neoforge-coremods-21.1.215.jar" [parent: neoforge-21.1.215-minecraft-merged-1.21.1-loom.mappings.1_21_1.layered+hash.40359-v2-neoforge-21.1.215.jar, locator: jarinjar, reader: mod manifest]
[15:32:03] [main/INFO] (ModDiscoverer) Found library file "kotlin-stdlib-jdk7-2.2.20.jar" [parent: kotlinforforge-neoforge-6.0.0.jar, locator: jarinjar]
[15:32:03] [main/INFO] (ModDiscoverer) Found library file "kotlin-stdlib-jdk8-2.2.20.jar" [parent: kotlinforforge-neoforge-6.0.0.jar, locator: jarinjar]
[15:32:03] [main/INFO] (ModDiscoverer) 
     Mod List:
		Name Version (Mod Id)

		Architectury 13.0.8 (architectury)
		Fzzy Config 0.7.3+1.21+neoforge (fzzy_config)
		generated_8d1a125 1 (generated_8d1a125)
		Kotlin For Forge 6.0.0 (kotlinforforge)
		Minecraft 1.21.1 (minecraft)
		NeoForge 21.1.215 (neoforge)
		SSSS Veinminer 1.0.0 (ssssv)
[15:32:04] [main/ERROR] (ModuleLayerHandler) Error while resolving modules.
java.lang.module.ResolutionException: Modules kfflang.neoforge._0311eecf and kfflang.neoforge export package thedarkcolour.kotlinforforge.neoforge to module thedarkcolour.kotlinforforge
	at java.base/java.lang.module.Resolver.resolveFail(Resolver.java:900) ~[?:?]
	at java.base/java.lang.module.Resolver.failTwoSuppliers(Resolver.java:814) ~[?:?]
	at java.base/java.lang.module.Resolver.checkExportSuppliers(Resolver.java:735) ~[?:?]
	at java.base/java.lang.module.Resolver.finish(Resolver.java:380) ~[?:?]
	at java.base/java.lang.module.Configuration.<init>(Configuration.java:139) ~[?:?]
	at java.base/java.lang.module.Configuration.resolveAndBind(Configuration.java:493) ~[?:?]
	at MC-BOOTSTRAP/cpw.mods.modlauncher@11.0.5/cpw.mods.modlauncher.ModuleLayerHandler.buildLayer(ModuleLayerHandler.java:81) [modlauncher-11.0.5.jar%23110!/:?]
	at MC-BOOTSTRAP/cpw.mods.modlauncher@11.0.5/cpw.mods.modlauncher.ModuleLayerHandler.buildLayer(ModuleLayerHandler.java:99) [modlauncher-11.0.5.jar%23110!/:?]
	at MC-BOOTSTRAP/cpw.mods.modlauncher@11.0.5/cpw.mods.modlauncher.Launcher.run(Launcher.java:90) [modlauncher-11.0.5.jar%23110!/:?]
	at MC-BOOTSTRAP/cpw.mods.modlauncher@11.0.5/cpw.mods.modlauncher.Launcher.main(Launcher.java:74) [modlauncher-11.0.5.jar%23110!/:?]
	at MC-BOOTSTRAP/cpw.mods.modlauncher@11.0.5/cpw.mods.modlauncher.BootstrapLaunchConsumer.accept(BootstrapLaunchConsumer.java:26) [modlauncher-11.0.5.jar%23110!/:?]
	at MC-BOOTSTRAP/cpw.mods.modlauncher@11.0.5/cpw.mods.modlauncher.BootstrapLaunchConsumer.accept(BootstrapLaunchConsumer.java:23) [modlauncher-11.0.5.jar%23110!/:?]
	at cpw.mods.bootstraplauncher.BootstrapLauncher.run(BootstrapLauncher.java:210) [bootstraplauncher-2.0.2.jar:?]
	at cpw.mods.bootstraplauncher.BootstrapLauncher.main(BootstrapLauncher.java:69) [bootstraplauncher-2.0.2.jar:?]
	at net.fabricmc.devlaunchinjector.Main.main(Main.java:86) [dev-launch-injector-0.2.1+build.8.jar:?]
	at dev.architectury.transformer.TransformerRuntime.main(TransformerRuntime.java:220) [architectury-transformer-5.2.87-runtime.jar:5.2.87]
